[+] Containers:
 |- [+] Container: /Game/ThirdPerson/Maps/ThirdPersonMap
 |   |- [+] ActorDescs:
 |   |   |- Guid:2FB58999456391D349DC0F86DAC136ED BaseClass: NativeClass:/Script/Engine.SkyLight Name:SkyLight_1 Label:SkyLight SpatiallyLoaded:0 Bounds:IsValid=true, Min=(X=0.000 Y=0.000 Z=690.000), Max=(X=0.000 Y=0.000 Z=690.000) RuntimeGrid:None EditorOnly:0 RuntimeOnly:0 HLODRelevant:0 FolderPath:Lighting FolderGuid:963EC3EB4002CCE9759E2EBA541A873A
 |   |   |- Guid:316CF2A6494ACA4C0E4180A87D36AB8F BaseClass: NativeClass:/Script/Engine.ExponentialHeightFog Name:ExponentialHeightFog_0 Label:ExponentialHeightFog SpatiallyLoaded:0 Bounds:IsValid=true, Min=(X=-5600.000 Y=-50.000 Z=-6850.000), Max=(X=-5600.000 Y=-50.000 Z=-6850.000) RuntimeGrid:None EditorOnly:0 RuntimeOnly:0 HLODRelevant:0 FolderPath:Lighting FolderGuid:963EC3EB4002CCE9759E2EBA541A873A
 |   |   |- Guid:3A00AA1C422CE54C0BDB60BAF471BFBB BaseClass: NativeClass:/Script/Engine.PlayerStart Name:PlayerStart_0 Label:PlayerStart SpatiallyLoaded:0 Bounds:IsValid=true, Min=(X=860.000 Y=1070.000 Z=0.013), Max=(X=940.000 Y=1150.000 Z=184.013) RuntimeGrid:None EditorOnly:0 RuntimeOnly:0 HLODRelevant:0
 |   |   |- Guid:3CEEC6F64D10F2B7CF43B99A84D4CBCB BaseClass:/Game/ThirdPerson/Maps/TP_1.TP_1_C NativeClass:/Script/Engine.TargetPoint Name:TP_1_C_UAID_106530155DE23FBA01_2023471663 Label:TP_1 SpatiallyLoaded:1 Bounds:IsValid=true, Min=(X=900.000 Y=1210.000 Z=0.000), Max=(X=900.000 Y=1210.000 Z=0.000) RuntimeGrid:None EditorOnly:0 RuntimeOnly:0 HLODRelevant:0
 |   |   |- Guid:4D3BE93F4146AAAC8BBE79999D96D57F BaseClass: NativeClass:/Script/Engine.VolumetricCloud Name:VolumetricCloud_0 Label:VolumetricCloud SpatiallyLoaded:0 Bounds:IsValid=true, Min=(X=0.000 Y=0.000 Z=820.000), Max=(X=0.000 Y=0.000 Z=820.000) RuntimeGrid:None EditorOnly:0 RuntimeOnly:0 HLODRelevant:0 FolderPath:Lighting FolderGuid:963EC3EB4002CCE9759E2EBA541A873A
 |   |   |- Guid:5B66BE0947948FE4A47B2B847D670630 BaseClass:/Game/ThirdPerson/Maps/TP_1.TP_1_C NativeClass:/Script/Engine.TargetPoint Name:TP_1_C_UAID_106530155DE23FBA01_2054712665 Label:TP_3 SpatiallyLoaded:1 Bounds:IsValid=true, Min=(X=900.000 Y=1610.000 Z=0.000), Max=(X=900.000 Y=1610.000 Z=0.000) RuntimeGrid:None EditorOnly:0 RuntimeOnly:0 HLODRelevant:0
 |   |   |- Guid:5B97F4A64FB21F77EFC44386BF705B4C BaseClass: NativeClass:/Script/Engine.TextRenderActor Name:TextRenderActor_1 Label:TextRenderActor SpatiallyLoaded:1 Bounds:IsValid=true, Min=(X=-0.100 Y=1100.000 Z=65.013), Max=(X=-0.100 Y=2392.308 Z=215.013) RuntimeGrid:None EditorOnly:0 RuntimeOnly:0 HLODRelevant:0
 |   |   |- Guid:6BAF4DDD444C60371492D3919DB42C97 BaseClass: NativeClass:/Script/Engine.WorldDataLayers Name:WorldDataLayers Label:WorldDataLayers SpatiallyLoaded:0 Bounds:IsValid=true, Min=(X=0.000 Y=0.000 Z=0.000), Max=(X=0.000 Y=0.000 Z=0.000) RuntimeGrid:None EditorOnly:0 RuntimeOnly:0 HLODRelevant:0
 |   |   |- Guid:72D3A6A441B6804623ACF495ED31990E BaseClass: NativeClass:/Script/NavigationSystem.NavMeshBoundsVolume Name:NavMeshBoundsVolume_UAID_106530155DE288AA01_1972561616 Label:NavMeshBoundsVolume SpatiallyLoaded:0 Bounds:IsValid=true, Min=(X=-1555.000 Y=-1200.000 Z=-2950.000), Max=(X=4445.000 Y=4800.000 Z=3050.000) RuntimeGrid:None EditorOnly:0 RuntimeOnly:0 HLODRelevant:0
 |   |   |- Guid:B785ED2844B84CFB91E7F39FE661CD99 BaseClass: NativeClass:/Script/Engine.DirectionalLight Name:DirectionalLight_0 Label:DirectionalLight SpatiallyLoaded:0 Bounds:IsValid=true, Min=(X=-4398046511104.000 Y=-4398046511104.000 Z=-4398046511104.000), Max=(X=4398046511104.000 Y=4398046511104.000 Z=4398046511104.000) RuntimeGrid:None EditorOnly:0 RuntimeOnly:0 HLODRelevant:0 FolderPath:Lighting FolderGuid:963EC3EB4002CCE9759E2EBA541A873A
 |   |   |- Guid:BDF3DD704302566DF1E6A1878845C73E BaseClass: NativeClass:/Script/Engine.StaticMeshActor Name:StaticMeshActor_UAID_106530155DE206B601_1929864407 Label:SM_Cube3 SpatiallyLoaded:1 Bounds:IsValid=true, Min=(X=-10.000 Y=-100.000 Z=0.000), Max=(X=90.000 Y=3675.000 Z=1050.000) RuntimeGrid:None EditorOnly:0 RuntimeOnly:0 HLODRelevant:1
 |   |   |- Guid:BEF4521849026F5ECD5CDCBA011B43A5 BaseClass:/Game/ThirdPerson/Maps/TP_1.TP_1_C NativeClass:/Script/Engine.TargetPoint Name:TP_1_C_UAID_106530155DE23FBA01_2050470664 Label:TP_2 SpatiallyLoaded:1 Bounds:IsValid=true, Min=(X=900.000 Y=1400.000 Z=0.000), Max=(X=900.000 Y=1400.000 Z=0.000) RuntimeGrid:None EditorOnly:0 RuntimeOnly:0 HLODRelevant:0
 |   |   |- Guid:CC1850D940DD46DDA20309B4581F18BB BaseClass:/Game/ThirdPerson/Blueprints/ThirdLevelVariables.ThirdLevelVariables_C NativeClass:/Script/Engine.Actor Name:ThirdLevelVariables_C_UAID_106530155DE281BA01_1944983279 Label:ThirdLevelVariables SpatiallyLoaded:1 Bounds:IsValid=true, Min=(X=1400.000 Y=1600.000 Z=0.000), Max=(X=1400.000 Y=1600.000 Z=0.000) RuntimeGrid:None EditorOnly:0 RuntimeOnly:0 HLODRelevant:0
 |   |   |- Guid:CCFF262C46EEFFDF319E7F9539CE697E BaseClass: NativeClass:/Script/Engine.SkyAtmosphere Name:SkyAtmosphere_0 Label:SkyAtmosphere SpatiallyLoaded:0 Bounds:IsValid=true, Min=(X=0.000 Y=0.000 Z=1020.000), Max=(X=0.000 Y=0.000 Z=1020.000) RuntimeGrid:None EditorOnly:0 RuntimeOnly:0 HLODRelevant:0 FolderPath:Lighting FolderGuid:963EC3EB4002CCE9759E2EBA541A873A
 |   |   |- Guid:CDE4901246CCCC2F280057AFCE8CEB26 BaseClass: NativeClass:/Script/Engine.StaticMeshActor Name:StaticMeshActor_UAID_106530155DE2E8A801_1702228400 Label:SM_Cube2 SpatiallyLoaded:1 Bounds:IsValid=true, Min=(X=2960.000 Y=-100.000 Z=0.000), Max=(X=3060.000 Y=3675.000 Z=1050.000) RuntimeGrid:None EditorOnly:0 RuntimeOnly:0 HLODRelevant:1
 |   |   |- Guid:D087FBA24ECD2F8DBF7FE998D8DB42C4 BaseClass: NativeClass:/Script/NavigationSystem.RecastNavMesh Name:RecastNavMesh_UAID_106530155DE288AA01-Default Label:RecastNavMesh-Default SpatiallyLoaded:0 Bounds:IsValid=true, Min=(X=0.000 Y=0.000 Z=0.000), Max=(X=0.000 Y=0.000 Z=0.000) RuntimeGrid:None EditorOnly:0 RuntimeOnly:0 HLODRelevant:0
 |   |   |- Guid:D62AD9CE42C0934BC99CDAB559C5C738 BaseClass: NativeClass:/Script/Engine.StaticMeshActor Name:StaticMeshActor_UAID_106530155DE206B601_1963336409 Label:SM_Cube5 SpatiallyLoaded:1 Bounds:IsValid=true, Min=(X=-205.000 Y=3370.000 Z=0.000), Max=(X=3570.000 Y=3470.000 Z=1050.000) RuntimeGrid:None EditorOnly:0 RuntimeOnly:0 HLODRelevant:1
 |   |   |- Guid:EC4E0C944CE6AC6E784BC6BB2916EA13 BaseClass: NativeClass:/Script/Engine.StaticMeshActor Name:StaticMeshActor_UAID_A4AE111137DC5EFB00_1110535423 Label:SM_SkySphere SpatiallyLoaded:0 Bounds:IsValid=true, Min=(X=-1638400.000 Y=-1638400.000 Z=-1638400.000), Max=(X=1638400.000 Y=1638400.000 Z=1638400.000) RuntimeGrid:None EditorOnly:0 RuntimeOnly:0 HLODRelevant:1 FolderPath:Lighting FolderGuid:963EC3EB4002CCE9759E2EBA541A873A
 |   |   |- Guid:F1924B8D48954B30891B2DB6A694F9CC BaseClass: NativeClass:/Script/Engine.StaticMeshActor Name:StaticMeshActor_1 Label:SM_Cube SpatiallyLoaded:1 Bounds:IsValid=true, Min=(X=0.000 Y=0.000 Z=-50.000), Max=(X=3000.000 Y=3500.000 Z=0.000) RuntimeGrid:None EditorOnly:0 RuntimeOnly:0 HLODRelevant:1 FolderPath:Playground FolderGuid:C73F09FC4215536B1DCE2A9E0A830C70
 |   |   |- Guid:F5E3FEB3450C49844FD93DA8E083C8AD BaseClass: NativeClass:/Script/Engine.PostProcessVolume Name:PostProcessVolume_0 Label:PostProcessVolume SpatiallyLoaded:0 Bounds:IsValid=true, Min=(X=0.000 Y=0.000 Z=400.000), Max=(X=200.000 Y=200.000 Z=600.000) RuntimeGrid:None EditorOnly:0 RuntimeOnly:0 HLODRelevant:0 FolderPath:Lighting FolderGuid:963EC3EB4002CCE9759E2EBA541A873A
 |   |   |- Guid:FB3031DB42FB50D19B2838AD22974CF4 BaseClass: NativeClass:/Script/Engine.StaticMeshActor Name:StaticMeshActor_UAID_106530155DE206B601_1938734408 Label:SM_Cube4 SpatiallyLoaded:1 Bounds:IsValid=true, Min=(X=-205.000 Y=-100.000 Z=0.000), Max=(X=3570.000 Y=0.000 Z=1050.000) RuntimeGrid:None EditorOnly:0 RuntimeOnly:0 HLODRelevant:1
 |   |   |- Guid:FDA866494F0D392C6DB5848F14645DA5 BaseClass:/Game/ThirdPerson/Maps/TP_1.TP_1_C NativeClass:/Script/Engine.TargetPoint Name:TP_1_C_UAID_106530155DE23FBA01_2058471666 Label:TP_4 SpatiallyLoaded:1 Bounds:IsValid=true, Min=(X=900.000 Y=1800.000 Z=0.000), Max=(X=900.000 Y=1800.000 Z=0.000) RuntimeGrid:None EditorOnly:0 RuntimeOnly:0 HLODRelevant:0
 |   |- [+] Clusters:
 |   |   |- [+] [  0]
 |   |   |   |- Guid:6BAF4DDD444C60371492D3919DB42C97 BaseClass: NativeClass:/Script/Engine.WorldDataLayers Name:WorldDataLayers Label:WorldDataLayers SpatiallyLoaded:0 Bounds:IsValid=true, Min=(X=0.000 Y=0.000 Z=0.000), Max=(X=0.000 Y=0.000 Z=0.000) RuntimeGrid:None EditorOnly:0 RuntimeOnly:0 HLODRelevant:0
 |   |   |- [+] [  1]
 |   |   |   |- Guid:F5E3FEB3450C49844FD93DA8E083C8AD BaseClass: NativeClass:/Script/Engine.PostProcessVolume Name:PostProcessVolume_0 Label:PostProcessVolume SpatiallyLoaded:0 Bounds:IsValid=true, Min=(X=0.000 Y=0.000 Z=400.000), Max=(X=200.000 Y=200.000 Z=600.000) RuntimeGrid:None EditorOnly:0 RuntimeOnly:0 HLODRelevant:0 FolderPath:Lighting FolderGuid:963EC3EB4002CCE9759E2EBA541A873A
 |   |   |- [+] [  2]
 |   |   |   |- Guid:D087FBA24ECD2F8DBF7FE998D8DB42C4 BaseClass: NativeClass:/Script/NavigationSystem.RecastNavMesh Name:RecastNavMesh_UAID_106530155DE288AA01-Default Label:RecastNavMesh-Default SpatiallyLoaded:0 Bounds:IsValid=true, Min=(X=0.000 Y=0.000 Z=0.000), Max=(X=0.000 Y=0.000 Z=0.000) RuntimeGrid:None EditorOnly:0 RuntimeOnly:0 HLODRelevant:0
 |   |   |- [+] [  3]
 |   |   |   |- Guid:5B97F4A64FB21F77EFC44386BF705B4C BaseClass: NativeClass:/Script/Engine.TextRenderActor Name:TextRenderActor_1 Label:TextRenderActor SpatiallyLoaded:1 Bounds:IsValid=true, Min=(X=-0.100 Y=1100.000 Z=65.013), Max=(X=-0.100 Y=2392.308 Z=215.013) RuntimeGrid:None EditorOnly:0 RuntimeOnly:0 HLODRelevant:0
 |   |   |- [+] [  4]
 |   |   |   |- Guid:D62AD9CE42C0934BC99CDAB559C5C738 BaseClass: NativeClass:/Script/Engine.StaticMeshActor Name:StaticMeshActor_UAID_106530155DE206B601_1963336409 Label:SM_Cube5 SpatiallyLoaded:1 Bounds:IsValid=true, Min=(X=-205.000 Y=3370.000 Z=0.000), Max=(X=3570.000 Y=3470.000 Z=1050.000) RuntimeGrid:None EditorOnly:0 RuntimeOnly:0 HLODRelevant:1
 |   |   |- [+] [  5]
 |   |   |   |- Guid:4D3BE93F4146AAAC8BBE79999D96D57F BaseClass: NativeClass:/Script/Engine.VolumetricCloud Name:VolumetricCloud_0 Label:VolumetricCloud SpatiallyLoaded:0 Bounds:IsValid=true, Min=(X=0.000 Y=0.000 Z=820.000), Max=(X=0.000 Y=0.000 Z=820.000) RuntimeGrid:None EditorOnly:0 RuntimeOnly:0 HLODRelevant:0 FolderPath:Lighting FolderGuid:963EC3EB4002CCE9759E2EBA541A873A
 |   |   |- [+] [  6]
 |   |   |   |- Guid:FB3031DB42FB50D19B2838AD22974CF4 BaseClass: NativeClass:/Script/Engine.StaticMeshActor Name:StaticMeshActor_UAID_106530155DE206B601_1938734408 Label:SM_Cube4 SpatiallyLoaded:1 Bounds:IsValid=true, Min=(X=-205.000 Y=-100.000 Z=0.000), Max=(X=3570.000 Y=0.000 Z=1050.000) RuntimeGrid:None EditorOnly:0 RuntimeOnly:0 HLODRelevant:1
 |   |   |- [+] [  7]
 |   |   |   |- Guid:CCFF262C46EEFFDF319E7F9539CE697E BaseClass: NativeClass:/Script/Engine.SkyAtmosphere Name:SkyAtmosphere_0 Label:SkyAtmosphere SpatiallyLoaded:0 Bounds:IsValid=true, Min=(X=0.000 Y=0.000 Z=1020.000), Max=(X=0.000 Y=0.000 Z=1020.000) RuntimeGrid:None EditorOnly:0 RuntimeOnly:0 HLODRelevant:0 FolderPath:Lighting FolderGuid:963EC3EB4002CCE9759E2EBA541A873A
 |   |   |- [+] [  8]
 |   |   |   |- Guid:EC4E0C944CE6AC6E784BC6BB2916EA13 BaseClass: NativeClass:/Script/Engine.StaticMeshActor Name:StaticMeshActor_UAID_A4AE111137DC5EFB00_1110535423 Label:SM_SkySphere SpatiallyLoaded:0 Bounds:IsValid=true, Min=(X=-1638400.000 Y=-1638400.000 Z=-1638400.000), Max=(X=1638400.000 Y=1638400.000 Z=1638400.000) RuntimeGrid:None EditorOnly:0 RuntimeOnly:0 HLODRelevant:1 FolderPath:Lighting FolderGuid:963EC3EB4002CCE9759E2EBA541A873A
 |   |   |- [+] [  9]
 |   |   |   |- Guid:BEF4521849026F5ECD5CDCBA011B43A5 BaseClass:/Game/ThirdPerson/Maps/TP_1.TP_1_C NativeClass:/Script/Engine.TargetPoint Name:TP_1_C_UAID_106530155DE23FBA01_2050470664 Label:TP_2 SpatiallyLoaded:1 Bounds:IsValid=true, Min=(X=900.000 Y=1400.000 Z=0.000), Max=(X=900.000 Y=1400.000 Z=0.000) RuntimeGrid:None EditorOnly:0 RuntimeOnly:0 HLODRelevant:0
 |   |   |- [+] [ 10]
 |   |   |   |- Guid:B785ED2844B84CFB91E7F39FE661CD99 BaseClass: NativeClass:/Script/Engine.DirectionalLight Name:DirectionalLight_0 Label:DirectionalLight SpatiallyLoaded:0 Bounds:IsValid=true, Min=(X=-4398046511104.000 Y=-4398046511104.000 Z=-4398046511104.000), Max=(X=4398046511104.000 Y=4398046511104.000 Z=4398046511104.000) RuntimeGrid:None EditorOnly:0 RuntimeOnly:0 HLODRelevant:0 FolderPath:Lighting FolderGuid:963EC3EB4002CCE9759E2EBA541A873A
 |   |   |- [+] [ 11]
 |   |   |   |- Guid:316CF2A6494ACA4C0E4180A87D36AB8F BaseClass: NativeClass:/Script/Engine.ExponentialHeightFog Name:ExponentialHeightFog_0 Label:ExponentialHeightFog SpatiallyLoaded:0 Bounds:IsValid=true, Min=(X=-5600.000 Y=-50.000 Z=-6850.000), Max=(X=-5600.000 Y=-50.000 Z=-6850.000) RuntimeGrid:None EditorOnly:0 RuntimeOnly:0 HLODRelevant:0 FolderPath:Lighting FolderGuid:963EC3EB4002CCE9759E2EBA541A873A
 |   |   |- [+] [ 12]
 |   |   |   |- Guid:F1924B8D48954B30891B2DB6A694F9CC BaseClass: NativeClass:/Script/Engine.StaticMeshActor Name:StaticMeshActor_1 Label:SM_Cube SpatiallyLoaded:1 Bounds:IsValid=true, Min=(X=0.000 Y=0.000 Z=-50.000), Max=(X=3000.000 Y=3500.000 Z=0.000) RuntimeGrid:None EditorOnly:0 RuntimeOnly:0 HLODRelevant:1 FolderPath:Playground FolderGuid:C73F09FC4215536B1DCE2A9E0A830C70
 |   |   |- [+] [ 13]
 |   |   |   |- Guid:72D3A6A441B6804623ACF495ED31990E BaseClass: NativeClass:/Script/NavigationSystem.NavMeshBoundsVolume Name:NavMeshBoundsVolume_UAID_106530155DE288AA01_1972561616 Label:NavMeshBoundsVolume SpatiallyLoaded:0 Bounds:IsValid=true, Min=(X=-1555.000 Y=-1200.000 Z=-2950.000), Max=(X=4445.000 Y=4800.000 Z=3050.000) RuntimeGrid:None EditorOnly:0 RuntimeOnly:0 HLODRelevant:0
 |   |   |- [+] [ 14]
 |   |   |   |- Guid:FDA866494F0D392C6DB5848F14645DA5 BaseClass:/Game/ThirdPerson/Maps/TP_1.TP_1_C NativeClass:/Script/Engine.TargetPoint Name:TP_1_C_UAID_106530155DE23FBA01_2058471666 Label:TP_4 SpatiallyLoaded:1 Bounds:IsValid=true, Min=(X=900.000 Y=1800.000 Z=0.000), Max=(X=900.000 Y=1800.000 Z=0.000) RuntimeGrid:None EditorOnly:0 RuntimeOnly:0 HLODRelevant:0
 |   |   |- [+] [ 15]
 |   |   |   |- Guid:2FB58999456391D349DC0F86DAC136ED BaseClass: NativeClass:/Script/Engine.SkyLight Name:SkyLight_1 Label:SkyLight SpatiallyLoaded:0 Bounds:IsValid=true, Min=(X=0.000 Y=0.000 Z=690.000), Max=(X=0.000 Y=0.000 Z=690.000) RuntimeGrid:None EditorOnly:0 RuntimeOnly:0 HLODRelevant:0 FolderPath:Lighting FolderGuid:963EC3EB4002CCE9759E2EBA541A873A
 |   |   |- [+] [ 16]
 |   |   |   |- Guid:5B66BE0947948FE4A47B2B847D670630 BaseClass:/Game/ThirdPerson/Maps/TP_1.TP_1_C NativeClass:/Script/Engine.TargetPoint Name:TP_1_C_UAID_106530155DE23FBA01_2054712665 Label:TP_3 SpatiallyLoaded:1 Bounds:IsValid=true, Min=(X=900.000 Y=1610.000 Z=0.000), Max=(X=900.000 Y=1610.000 Z=0.000) RuntimeGrid:None EditorOnly:0 RuntimeOnly:0 HLODRelevant:0
 |   |   |- [+] [ 17]
 |   |   |   |- Guid:CDE4901246CCCC2F280057AFCE8CEB26 BaseClass: NativeClass:/Script/Engine.StaticMeshActor Name:StaticMeshActor_UAID_106530155DE2E8A801_1702228400 Label:SM_Cube2 SpatiallyLoaded:1 Bounds:IsValid=true, Min=(X=2960.000 Y=-100.000 Z=0.000), Max=(X=3060.000 Y=3675.000 Z=1050.000) RuntimeGrid:None EditorOnly:0 RuntimeOnly:0 HLODRelevant:1
 |   |   |- [+] [ 18]
 |   |   |   |- Guid:3CEEC6F64D10F2B7CF43B99A84D4CBCB BaseClass:/Game/ThirdPerson/Maps/TP_1.TP_1_C NativeClass:/Script/Engine.TargetPoint Name:TP_1_C_UAID_106530155DE23FBA01_2023471663 Label:TP_1 SpatiallyLoaded:1 Bounds:IsValid=true, Min=(X=900.000 Y=1210.000 Z=0.000), Max=(X=900.000 Y=1210.000 Z=0.000) RuntimeGrid:None EditorOnly:0 RuntimeOnly:0 HLODRelevant:0
 |   |   |- [+] [ 19]
 |   |   |   |- Guid:BDF3DD704302566DF1E6A1878845C73E BaseClass: NativeClass:/Script/Engine.StaticMeshActor Name:StaticMeshActor_UAID_106530155DE206B601_1929864407 Label:SM_Cube3 SpatiallyLoaded:1 Bounds:IsValid=true, Min=(X=-10.000 Y=-100.000 Z=0.000), Max=(X=90.000 Y=3675.000 Z=1050.000) RuntimeGrid:None EditorOnly:0 RuntimeOnly:0 HLODRelevant:1
 |   |   |- [+] [ 20]
 |   |   |   |- Guid:3A00AA1C422CE54C0BDB60BAF471BFBB BaseClass: NativeClass:/Script/Engine.PlayerStart Name:PlayerStart_0 Label:PlayerStart SpatiallyLoaded:0 Bounds:IsValid=true, Min=(X=860.000 Y=1070.000 Z=0.013), Max=(X=940.000 Y=1150.000 Z=184.013) RuntimeGrid:None EditorOnly:0 RuntimeOnly:0 HLODRelevant:0
 |   |   |- [+] [ 21]
 |   |   |   |- Guid:CC1850D940DD46DDA20309B4581F18BB BaseClass:/Game/ThirdPerson/Blueprints/ThirdLevelVariables.ThirdLevelVariables_C NativeClass:/Script/Engine.Actor Name:ThirdLevelVariables_C_UAID_106530155DE281BA01_1944983279 Label:ThirdLevelVariables SpatiallyLoaded:1 Bounds:IsValid=true, Min=(X=1400.000 Y=1600.000 Z=0.000), Max=(X=1400.000 Y=1600.000 Z=0.000) RuntimeGrid:None EditorOnly:0 RuntimeOnly:0 HLODRelevant:0
 |- ContainerInstances:
 |- [+] MainContainer:
 |   |-        ID: 0x0000000000000000
 |   |-    Bounds: IsValid=false, Min=(X=0.000 Y=0.000 Z=0.000), Max=(X=0.000 Y=0.000 Z=0.000)
 |   |- Transform: 0.000000,0.000000,0.000000|0.000000,0.000000,-0.000000|1.000000,1.000000,1.000000
 |   |- Container: /Game/ThirdPerson/Maps/ThirdPersonMap
----------------------------------------------------------------------------------------------------------------
ThirdPersonMap - Persistent Level
----------------------------------------------------------------------------------------------------------------
Always loaded Actor Count: 32 

----------------------------------------------------------------------------------------------------------------
ThirdPersonMap - Runtime Spatial Hash - Streaming Grid - MainGrid
----------------------------------------------------------------------------------------------------------------
            Origin: X=0.000 Y=0.000 Z=0.000
         Cell Size: 12800
      World Bounds: IsValid=false, Min=(X=0.000 Y=0.000 Z=0.000), Max=(X=0.000 Y=0.000 Z=0.000)
     Loading Range: 25600.00
Block Slow Loading: No
 ClientOnlyVisible: No

[+] Grid Levels: 1
 |- Level  0: Cell Count    0 | Cell Size   12800 | Actor Count    0 (0.0%)

[+] Content of Grid Level 0

